2026-05-02 01:11:11,476 -  nornir.core -     INFO -        run() - Running task 'Reset Te1/1/3' with args {'config_commands': ['interface Te1/1/3', 'no description', 'switchport mode access', 'switchport access vlan 1', 'no switchport port-security', 'no switchport port-security maximum', 'no switchport port-security violation', 'no switchport port-security mac-address sticky', 'no spanning-tree bpduguard enable', 'shutdown', 'exit']} on 1 hosts
2026-05-02 01:11:19,101 -  nornir.core -     INFO -        run() - Running task 'Reset Te1/1/3' with args {'config_commands': ['interface Te1/1/3', 'no description', 'switchport mode access', 'switchport access vlan 1', 'no switchport port-security', 'no switchport port-security maximum', 'no switchport port-security violation', 'no switchport port-security mac-address sticky', 'no spanning-tree bpduguard enable', 'shutdown', 'exit']} on 1 hosts
2026-05-02 01:11:21,642 - nornir.core.task -    ERROR -      start() - Host 'switch_cible': task 'Reset Te1/1/3' failed with traceback:
Traceback (most recent call last):
  File "C:\Users\21366\AppData\Local\Programs\Python\Python313\Lib\site-packages\netmiko\base_connection.py", line 1146, in establish_connection
    self.remote_conn_pre.connect(**ssh_connect_params)
    ~~~~~~~~~~~~~~~~~~~~~~~~~~~~^^^^^^^^^^^^^^^^^^^^^^
  File "C:\Users\21366\AppData\Local\Programs\Python\Python313\Lib\site-packages\paramiko\client.py", line 384, in connect
    sock.connect(addr)
    ~~~~~~~~~~~~^^^^^^
TimeoutError: timed out

During handling of the above exception, another exception occurred:

Traceback (most recent call last):
  File "C:\Users\21366\AppData\Local\Programs\Python\Python313\Lib\site-packages\nornir\core\task.py", line 98, in start
    r = self.task(self, **self.params)
  File "C:\Users\21366\AppData\Local\Programs\Python\Python313\Lib\site-packages\nornir_netmiko\tasks\netmiko_send_config.py", line 28, in netmiko_send_config
    net_connect = task.host.get_connection(CONNECTION_NAME, task.nornir.config)
  File "C:\Users\21366\AppData\Local\Programs\Python\Python313\Lib\site-packages\nornir\core\inventory.py", line 476, in get_connection
    self.open_connection(
    ~~~~~~~~~~~~~~~~~~~~^
        connection=connection,
        ^^^^^^^^^^^^^^^^^^^^^^
    ...<6 lines>...
        extras=conn.extras,
        ^^^^^^^^^^^^^^^^^^^
    )
    ^
  File "C:\Users\21366\AppData\Local\Programs\Python\Python313\Lib\site-packages\nornir\core\inventory.py", line 528, in open_connection
    conn_obj.open(
    ~~~~~~~~~~~~~^
        hostname=hostname,
        ^^^^^^^^^^^^^^^^^^
    ...<5 lines>...
        configuration=configuration,
        ^^^^^^^^^^^^^^^^^^^^^^^^^^^^
    )
    ^
  File "C:\Users\21366\AppData\Local\Programs\Python\Python313\Lib\site-packages\nornir_netmiko\connections\netmiko.py", line 59, in open
    connection = ConnectHandler(**parameters)
  File "C:\Users\21366\AppData\Local\Programs\Python\Python313\Lib\site-packages\netmiko\ssh_dispatcher.py", line 460, in ConnectHandler
    return ConnectionClass(*args, **kwargs)
  File "C:\Users\21366\AppData\Local\Programs\Python\Python313\Lib\site-packages\netmiko\base_connection.py", line 495, in __init__
    self._open()
    ~~~~~~~~~~^^
  File "C:\Users\21366\AppData\Local\Programs\Python\Python313\Lib\site-packages\netmiko\base_connection.py", line 500, in _open
    self.establish_connection()
    ~~~~~~~~~~~~~~~~~~~~~~~~~^^
  File "C:\Users\21366\AppData\Local\Programs\Python\Python313\Lib\site-packages\netmiko\base_connection.py", line 1168, in establish_connection
    raise NetmikoTimeoutException(msg)
netmiko.exceptions.NetmikoTimeoutException: TCP connection to device failed.

Common causes of this problem are:
1. Incorrect hostname or IP address.
2. Wrong TCP port.
3. Intermediate firewall blocking access.

Device settings: cisco_ios 10.10.10.50:22



2026-05-02 01:11:29,113 - nornir.core.task -    ERROR -      start() - Host 'switch_cible': task 'Reset Te1/1/3' failed with traceback:
Traceback (most recent call last):
  File "C:\Users\21366\AppData\Local\Programs\Python\Python313\Lib\site-packages\netmiko\base_connection.py", line 1146, in establish_connection
    self.remote_conn_pre.connect(**ssh_connect_params)
    ~~~~~~~~~~~~~~~~~~~~~~~~~~~~^^^^^^^^^^^^^^^^^^^^^^
  File "C:\Users\21366\AppData\Local\Programs\Python\Python313\Lib\site-packages\paramiko\client.py", line 384, in connect
    sock.connect(addr)
    ~~~~~~~~~~~~^^^^^^
TimeoutError: timed out

During handling of the above exception, another exception occurred:

Traceback (most recent call last):
  File "C:\Users\21366\AppData\Local\Programs\Python\Python313\Lib\site-packages\nornir\core\task.py", line 98, in start
    r = self.task(self, **self.params)
  File "C:\Users\21366\AppData\Local\Programs\Python\Python313\Lib\site-packages\nornir_netmiko\tasks\netmiko_send_config.py", line 28, in netmiko_send_config
    net_connect = task.host.get_connection(CONNECTION_NAME, task.nornir.config)
  File "C:\Users\21366\AppData\Local\Programs\Python\Python313\Lib\site-packages\nornir\core\inventory.py", line 476, in get_connection
    self.open_connection(
    ~~~~~~~~~~~~~~~~~~~~^
        connection=connection,
        ^^^^^^^^^^^^^^^^^^^^^^
    ...<6 lines>...
        extras=conn.extras,
        ^^^^^^^^^^^^^^^^^^^
    )
    ^
  File "C:\Users\21366\AppData\Local\Programs\Python\Python313\Lib\site-packages\nornir\core\inventory.py", line 528, in open_connection
    conn_obj.open(
    ~~~~~~~~~~~~~^
        hostname=hostname,
        ^^^^^^^^^^^^^^^^^^
    ...<5 lines>...
        configuration=configuration,
        ^^^^^^^^^^^^^^^^^^^^^^^^^^^^
    )
    ^
  File "C:\Users\21366\AppData\Local\Programs\Python\Python313\Lib\site-packages\nornir_netmiko\connections\netmiko.py", line 59, in open
    connection = ConnectHandler(**parameters)
  File "C:\Users\21366\AppData\Local\Programs\Python\Python313\Lib\site-packages\netmiko\ssh_dispatcher.py", line 460, in ConnectHandler
    return ConnectionClass(*args, **kwargs)
  File "C:\Users\21366\AppData\Local\Programs\Python\Python313\Lib\site-packages\netmiko\base_connection.py", line 495, in __init__
    self._open()
    ~~~~~~~~~~^^
  File "C:\Users\21366\AppData\Local\Programs\Python\Python313\Lib\site-packages\netmiko\base_connection.py", line 500, in _open
    self.establish_connection()
    ~~~~~~~~~~~~~~~~~~~~~~~~~^^
  File "C:\Users\21366\AppData\Local\Programs\Python\Python313\Lib\site-packages\netmiko\base_connection.py", line 1168, in establish_connection
    raise NetmikoTimeoutException(msg)
netmiko.exceptions.NetmikoTimeoutException: TCP connection to device failed.

Common causes of this problem are:
1. Incorrect hostname or IP address.
2. Wrong TCP port.
3. Intermediate firewall blocking access.

Device settings: cisco_ios 10.10.10.50:22



2026-05-02 01:11:41,869 -  nornir.core -     INFO -        run() - Running task 'Reset Te1/1/2' with args {'config_commands': ['interface Te1/1/2', 'no description', 'switchport mode access', 'switchport access vlan 1', 'no switchport port-security', 'no switchport port-security maximum', 'no switchport port-security violation', 'no switchport port-security mac-address sticky', 'no spanning-tree bpduguard enable', 'shutdown', 'exit']} on 1 hosts
2026-05-02 01:11:51,881 - nornir.core.task -    ERROR -      start() - Host 'switch_cible': task 'Reset Te1/1/2' failed with traceback:
Traceback (most recent call last):
  File "C:\Users\21366\AppData\Local\Programs\Python\Python313\Lib\site-packages\netmiko\base_connection.py", line 1146, in establish_connection
    self.remote_conn_pre.connect(**ssh_connect_params)
    ~~~~~~~~~~~~~~~~~~~~~~~~~~~~^^^^^^^^^^^^^^^^^^^^^^
  File "C:\Users\21366\AppData\Local\Programs\Python\Python313\Lib\site-packages\paramiko\client.py", line 384, in connect
    sock.connect(addr)
    ~~~~~~~~~~~~^^^^^^
TimeoutError: timed out

During handling of the above exception, another exception occurred:

Traceback (most recent call last):
  File "C:\Users\21366\AppData\Local\Programs\Python\Python313\Lib\site-packages\nornir\core\task.py", line 98, in start
    r = self.task(self, **self.params)
  File "C:\Users\21366\AppData\Local\Programs\Python\Python313\Lib\site-packages\nornir_netmiko\tasks\netmiko_send_config.py", line 28, in netmiko_send_config
    net_connect = task.host.get_connection(CONNECTION_NAME, task.nornir.config)
  File "C:\Users\21366\AppData\Local\Programs\Python\Python313\Lib\site-packages\nornir\core\inventory.py", line 476, in get_connection
    self.open_connection(
    ~~~~~~~~~~~~~~~~~~~~^
        connection=connection,
        ^^^^^^^^^^^^^^^^^^^^^^
    ...<6 lines>...
        extras=conn.extras,
        ^^^^^^^^^^^^^^^^^^^
    )
    ^
  File "C:\Users\21366\AppData\Local\Programs\Python\Python313\Lib\site-packages\nornir\core\inventory.py", line 528, in open_connection
    conn_obj.open(
    ~~~~~~~~~~~~~^
        hostname=hostname,
        ^^^^^^^^^^^^^^^^^^
    ...<5 lines>...
        configuration=configuration,
        ^^^^^^^^^^^^^^^^^^^^^^^^^^^^
    )
    ^
  File "C:\Users\21366\AppData\Local\Programs\Python\Python313\Lib\site-packages\nornir_netmiko\connections\netmiko.py", line 59, in open
    connection = ConnectHandler(**parameters)
  File "C:\Users\21366\AppData\Local\Programs\Python\Python313\Lib\site-packages\netmiko\ssh_dispatcher.py", line 460, in ConnectHandler
    return ConnectionClass(*args, **kwargs)
  File "C:\Users\21366\AppData\Local\Programs\Python\Python313\Lib\site-packages\netmiko\base_connection.py", line 495, in __init__
    self._open()
    ~~~~~~~~~~^^
  File "C:\Users\21366\AppData\Local\Programs\Python\Python313\Lib\site-packages\netmiko\base_connection.py", line 500, in _open
    self.establish_connection()
    ~~~~~~~~~~~~~~~~~~~~~~~~~^^
  File "C:\Users\21366\AppData\Local\Programs\Python\Python313\Lib\site-packages\netmiko\base_connection.py", line 1168, in establish_connection
    raise NetmikoTimeoutException(msg)
netmiko.exceptions.NetmikoTimeoutException: TCP connection to device failed.

Common causes of this problem are:
1. Incorrect hostname or IP address.
2. Wrong TCP port.
3. Intermediate firewall blocking access.

Device settings: cisco_ios 10.10.10.50:22



2026-05-02 01:13:16,186 -  nornir.core -     INFO -        run() - Running task 'Reset Te1/1/1' with args {'config_commands': ['interface Te1/1/1', 'no description', 'switchport mode access', 'switchport access vlan 1', 'no switchport port-security', 'no switchport port-security maximum', 'no switchport port-security violation', 'no switchport port-security mac-address sticky', 'no spanning-tree bpduguard enable', 'shutdown', 'exit']} on 1 hosts
2026-05-02 01:13:26,194 - nornir.core.task -    ERROR -      start() - Host 'switch_cible': task 'Reset Te1/1/1' failed with traceback:
Traceback (most recent call last):
  File "C:\Users\21366\AppData\Local\Programs\Python\Python313\Lib\site-packages\netmiko\base_connection.py", line 1146, in establish_connection
    self.remote_conn_pre.connect(**ssh_connect_params)
    ~~~~~~~~~~~~~~~~~~~~~~~~~~~~^^^^^^^^^^^^^^^^^^^^^^
  File "C:\Users\21366\AppData\Local\Programs\Python\Python313\Lib\site-packages\paramiko\client.py", line 384, in connect
    sock.connect(addr)
    ~~~~~~~~~~~~^^^^^^
TimeoutError: timed out

During handling of the above exception, another exception occurred:

Traceback (most recent call last):
  File "C:\Users\21366\AppData\Local\Programs\Python\Python313\Lib\site-packages\nornir\core\task.py", line 98, in start
    r = self.task(self, **self.params)
  File "C:\Users\21366\AppData\Local\Programs\Python\Python313\Lib\site-packages\nornir_netmiko\tasks\netmiko_send_config.py", line 28, in netmiko_send_config
    net_connect = task.host.get_connection(CONNECTION_NAME, task.nornir.config)
  File "C:\Users\21366\AppData\Local\Programs\Python\Python313\Lib\site-packages\nornir\core\inventory.py", line 476, in get_connection
    self.open_connection(
    ~~~~~~~~~~~~~~~~~~~~^
        connection=connection,
        ^^^^^^^^^^^^^^^^^^^^^^
    ...<6 lines>...
        extras=conn.extras,
        ^^^^^^^^^^^^^^^^^^^
    )
    ^
  File "C:\Users\21366\AppData\Local\Programs\Python\Python313\Lib\site-packages\nornir\core\inventory.py", line 528, in open_connection
    conn_obj.open(
    ~~~~~~~~~~~~~^
        hostname=hostname,
        ^^^^^^^^^^^^^^^^^^
    ...<5 lines>...
        configuration=configuration,
        ^^^^^^^^^^^^^^^^^^^^^^^^^^^^
    )
    ^
  File "C:\Users\21366\AppData\Local\Programs\Python\Python313\Lib\site-packages\nornir_netmiko\connections\netmiko.py", line 59, in open
    connection = ConnectHandler(**parameters)
  File "C:\Users\21366\AppData\Local\Programs\Python\Python313\Lib\site-packages\netmiko\ssh_dispatcher.py", line 460, in ConnectHandler
    return ConnectionClass(*args, **kwargs)
  File "C:\Users\21366\AppData\Local\Programs\Python\Python313\Lib\site-packages\netmiko\base_connection.py", line 495, in __init__
    self._open()
    ~~~~~~~~~~^^
  File "C:\Users\21366\AppData\Local\Programs\Python\Python313\Lib\site-packages\netmiko\base_connection.py", line 500, in _open
    self.establish_connection()
    ~~~~~~~~~~~~~~~~~~~~~~~~~^^
  File "C:\Users\21366\AppData\Local\Programs\Python\Python313\Lib\site-packages\netmiko\base_connection.py", line 1168, in establish_connection
    raise NetmikoTimeoutException(msg)
netmiko.exceptions.NetmikoTimeoutException: TCP connection to device failed.

Common causes of this problem are:
1. Incorrect hostname or IP address.
2. Wrong TCP port.
3. Intermediate firewall blocking access.

Device settings: cisco_ios 10.10.10.50:22



